<?xml version="1.0" encoding="UTF-8"?>
<!-- Generated by org.testng.reporters.JUnitXMLReporter -->
<testsuite hostname="pc" name="Day.az" tests="25" failures="0" timestamp="15 Oct 2013 09:15:21 GMT" time="164.319" errors="0">
  <testcase name="LogIn" time="30.037" classname="user.LoginTest"/>
  <testcase name="SocialLinks" time="2.372" classname="content.Music"/>
  <testcase name="CheckGenres" time="3.183" classname="content.Music"/>
  <testcase name="CheckArtists" time="4.216" classname="content.Music"/>
  <testcase name="CheckTitles" time="2.252" classname="content.Music"/>
  <testcase name="CheckBlocks" time="1.389" classname="content.Music"/>
  <testcase name="PlayMusic" time="61.36" classname="content.Music"/>
  <testcase name="SocialLinks" time="4.613" classname="content.AzerMusic"/>
  <testcase name="CheckGenres" time="3.304" classname="content.AzerMusic"/>
  <testcase name="CheckArtists" time="3.018" classname="content.AzerMusic"/>
  <testcase name="CheckTitles" time="1.481" classname="content.AzerMusic"/>
  <testcase name="CheckBlocks" time="2.39" classname="content.AzerMusic"/>
  <testcase name="SocialLinks" time="1.724" classname="content.NewMusic"/>
  <testcase name="CheckArtists" time="1.958" classname="content.NewMusic"/>
  <testcase name="CheckTitle" time="2.37" classname="content.NewMusic"/>
  <testcase name="CheckBlocks" time="1.778" classname="content.NewMusic"/>
  <testcase name="CheckAlbums" time="1.734" classname="content.NewMusic"/>
  <testcase name="CheckHeader" time="3.205" classname="content.Music"/>
  <testcase name="CheckHeader" time="3.43" classname="content.AzerMusic"/>
  <testcase name="NewMusicHeader" time="3.385" classname="content.NewMusic"/>
  <testcase name="CheckHeader" time="2.613" classname="content.Playlist"/>
  <testcase name="SocialLinks" time="2.77" classname="content.Playlist"/>
  <testcase name="PlayTrack" time="6.445" classname="content.Playlist"/>
  <testcase name="CleanPlaylist" time="3.404" classname="content.Playlist"/>
  <testcase name="AddAndDelete" time="9.216" classname="content.Playlist"/>
</testsuite> <!-- Day.az -->
