<?xml version="1.0" encoding="UTF-8"?>
<!-- Generated by org.testng.reporters.JUnitXMLReporter -->
<testsuite hostname="pc" name="Nur.kz" tests="21" failures="1" timestamp="4 Oct 2013 15:48:07 GMT" time="98.452" errors="0">
  <testcase name="LogIn" time="22.03" classname="user.LoginTest"/>
  <testcase name="SocialLinks" time="2.33" classname="content.Music"/>
  <testcase name="CheckGenres" time="4.561" classname="content.Music"/>
  <testcase name="CheckArtists" time="2.323" classname="content.Music"/>
  <testcase name="checkTitles" time="0.186" classname="content.Music"/>
  <testcase name="CheckBlocks" time="1.771" classname="content.Music"/>
  <testcase name="PlayMusic" time="27.789" classname="content.Music">
    <failure type="java.lang.NullPointerException">
      <![CDATA[java.lang.NullPointerException
	at page.ContentPage.playMusic(ContentPage.java:199)
	at content.Music.PlayMusic(Music.java:112)
... Removed 24 stack frames]]>
    </failure>
  </testcase> <!-- PlayMusic -->
  <testcase name="CheckSocialLinks" time="2.639" classname="content.NewMusic"/>
  <testcase name="CheckTracks" time="2.698" classname="content.NewMusic"/>
  <testcase name="CheckArtists" time="2.003" classname="content.NewMusic"/>
  <testcase name="CheckTitle" time="3.267" classname="content.NewMusic"/>
  <testcase name="CheckBlocks" time="1.381" classname="content.NewMusic"/>
  <testcase name="CheckAlbums" time="1.593" classname="content.NewMusic"/>
  <testcase name="SocialLinks" time="2.756" classname="content.AzerMusic"/>
  <testcase name="CheckGenres" time="4.024" classname="content.AzerMusic"/>
  <testcase name="CheckArtists" time="3.208" classname="content.AzerMusic"/>
  <testcase name="checkTitles" time="0.177" classname="content.AzerMusic"/>
  <testcase name="CheckBlocks" time="1.33" classname="content.AzerMusic"/>
  <testcase name="CheckHeader" time="5.599" classname="content.Music"/>
  <testcase name="NewMusicHeader" time="1.927" classname="content.NewMusic"/>
  <testcase name="AzerHeader" time="2.505" classname="content.AzerMusic"/>
</testsuite> <!-- Nur.kz -->
