<?xml version="1.0" encoding="UTF-8"?>
<!-- Generated by org.testng.reporters.JUnitXMLReporter -->
<testsuite hostname="pc" name="Test" tests="21" failures="0" timestamp="4 Oct 2013 13:53:44 GMT" time="107.502" errors="0">
  <testcase name="LogIn" time="18.702" classname="user.LoginTest"/>
  <testcase name="SocialLinks" time="4.786" classname="content.Music"/>
  <testcase name="CheckGenres" time="4.018" classname="content.Music"/>
  <testcase name="CheckArtists" time="2.169" classname="content.Music"/>
  <testcase name="checkTitles" time="0.146" classname="content.Music"/>
  <testcase name="CheckBlocks" time="2.603" classname="content.Music"/>
  <testcase name="PlayMusic" time="20.692" classname="content.Music"/>
  <testcase name="CheckSocialLinks" time="2.242" classname="content.NewMusic"/>
  <testcase name="CheckTracks" time="2.778" classname="content.NewMusic"/>
  <testcase name="CheckArtists" time="2.526" classname="content.NewMusic"/>
  <testcase name="CheckTitle" time="1.72" classname="content.NewMusic"/>
  <testcase name="CheckBlocks" time="1.58" classname="content.NewMusic"/>
  <testcase name="CheckAlbums" time="1.482" classname="content.NewMusic"/>
  <testcase name="SocialLinks" time="5.169" classname="content.AzerMusic"/>
  <testcase name="CheckGenres" time="3.825" classname="content.AzerMusic"/>
  <testcase name="CheckArtists" time="4.018" classname="content.AzerMusic"/>
  <testcase name="checkTitles" time="0.202" classname="content.AzerMusic"/>
  <testcase name="CheckBlocks" time="1.312" classname="content.AzerMusic"/>
  <testcase name="CheckHeader" time="4.727" classname="content.Music"/>
  <testcase name="NewMusicHeader" time="3.84" classname="content.NewMusic"/>
  <testcase name="AzerHeader" time="16.92" classname="content.AzerMusic"/>
</testsuite> <!-- Test -->
