<?xml version="1.0" encoding="UTF-8"?>
<testsuite name="TestSuite" time="135.558" tests="27" errors="0" skipped="0" failures="1">
  <properties>
[...]
</properties>
  <testcase name="LogIn" classname="user.LoginTest" time="23.476"/>
  <testcase name="SocialLinks" classname="content.Music" time="7.243"/>
  <testcase name="CheckGenres" classname="content.Music" time="4.849"/>
  <testcase name="CheckArtists" classname="content.Music" time="2.232"/>
  <testcase name="CheckTitles" classname="content.Music" time="1.635"/>
  <testcase name="CheckBlocks" classname="content.Music" time="3.976"/>
  <testcase name="PlayMusic" classname="content.Music" time="35.933">
    <failure type="java.lang.NullPointerException:">java.lang.NullPointerException: null
	at page.ContentPage.playMusic(ContentPage.java:208)
	at content.Music.PlayMusic(Music.java:122)
</failure>
    <system-out>--------------------------------------
Проверяет играет ли музыка на странице скачки треков на &lt;&lt;Музыка&gt;&gt;
STARTED: Class = Music Method = PlayMusic
[page.ContentPage.playMusic] FAILED: by track doesnt olay on this page http://music.day.az/249443-alex-bah-feat-kaskade-move-for-me-(remix)
</system-out>
  </testcase>
  <testcase name="SocialLinks" classname="content.AzerMusic" time="2.567"/>
  <testcase name="CheckGenres" classname="content.AzerMusic" time="2.789"/>
  <testcase name="CheckArtists" classname="content.AzerMusic" time="2.291"/>
  <testcase name="CheckTitles" classname="content.AzerMusic" time="1.51"/>
  <testcase name="CheckBlocks" classname="content.AzerMusic" time="1.448"/>
  <testcase name="SocialLinks" classname="content.NewMusic" time="1.974"/>
  <testcase name="CheckArtists" classname="content.NewMusic" time="1.593"/>
  <testcase name="CheckTitle" classname="content.NewMusic" time="1.191"/>
  <testcase name="CheckBlocks" classname="content.NewMusic" time="1.366"/>
  <testcase name="CheckAlbums" classname="content.NewMusic" time="2.15"/>
  <testcase name="CheckHeader" classname="content.Music" time="4.539"/>
  <testcase name="CheckHeader" classname="content.AzerMusic" time="3.667"/>
  <testcase name="NewMusicHeader" classname="content.NewMusic" time="2.721"/>
  <testcase name="CheckHeader" classname="content.Playlist" time="3.009"/>
  <testcase name="SocialLinks" classname="content.Playlist" time="1.547"/>
  <testcase name="PlayTrack" classname="content.Playlist" time="6.033"/>
  <testcase name="CleanPlaylist" classname="content.Playlist" time="2.163"/>
  <testcase name="AddAndDelete" classname="content.Playlist" time="9.252"/>
  <testcase name="NewMusicHeader" classname="content.Upload" time="3.553"/>
  <testcase name="CheckBtn" classname="content.Upload" time="0.851"/>
</testsuite>