<?xml version="1.0" encoding="UTF-8"?>
<!-- Generated by org.testng.reporters.JUnitXMLReporter -->
<testsuite hostname="pc" name="CheckHeaders" tests="0" failures="0" timestamp="14 Oct 2013 10:45:45 GMT" time="0.009" errors="0">
  <testcase name="@AfterTest thearDown" time="0.0" classname="content.CheckHeaders">
    <failure type="org.openqa.selenium.remote.SessionNotFoundException" message="Session ID is null
Build info: version: &amp;apos;2.35.0&amp;apos;, revision: &amp;apos;c916b9d&amp;apos;, time: &amp;apos;2013-08-12 15:42:01&amp;apos;
System info: os.name: &amp;apos;Linux&amp;apos;, os.arch: &amp;apos;amd64&amp;apos;, os.version: &amp;apos;3.5.0-41-generic&amp;apos;, java.version: &amp;apos;1.7.0_40&amp;apos;
Driver info: driver.version: RemoteWebDriver">
      <![CDATA[org.openqa.selenium.remote.SessionNotFoundException: Session ID is null
Build info: version: '2.35.0', revision: 'c916b9d', time: '2013-08-12 15:42:01'
System info: os.name: 'Linux', os.arch: 'amd64', os.version: '3.5.0-41-generic', java.version: '1.7.0_40'
Driver info: driver.version: RemoteWebDriver
	at org.openqa.selenium.remote.HttpCommandExecutor.execute(HttpCommandExecutor.java:276)
	at org.openqa.selenium.remote.service.DriverCommandExecutor.execute(DriverCommandExecutor.java:66)
	at org.openqa.selenium.remote.RemoteWebDriver.execute(RemoteWebDriver.java:527)
	at org.openqa.selenium.remote.RemoteWebDriver.execute(RemoteWebDriver.java:569)
	at org.openqa.selenium.remote.RemoteWebDriver.close(RemoteWebDriver.java:418)
	at basic.BasicTestCase.thearDown(BasicTestCase.java:32)
... Removed 22 stack frames]]>
    </failure>
  </testcase> <!-- @AfterTest thearDown -->
</testsuite> <!-- CheckHeaders -->
