<?xml version="1.0" encoding="UTF-8"?>
<!-- Generated by org.testng.reporters.JUnitXMLReporter -->
<testsuite hostname="pc" name="Login" tests="1" failures="1" timestamp="14 Oct 2013 10:45:45 GMT" time="91.544" errors="0">
  <testcase name="LogIn" time="90.174" classname="user.LoginTest">
    <failure type="java.lang.Exception">
      <![CDATA[java.lang.Exception
	at basic.BasicTestCase.get(BasicTestCase.java:62)
	at user.LoginTest.LogIn(LoginTest.java:19)
... Removed 24 stack frames]]>
    </failure>
  </testcase> <!-- LogIn -->
</testsuite> <!-- Login -->
