<?xml version="1.0" encoding="UTF-8"?>
<!-- Generated by org.testng.reporters.JUnitXMLReporter -->
<testsuite hostname="pc" name="music.nur" tests="31" failures="1" timestamp="15 Oct 2013 14:13:28 GMT" time="183.462" errors="0">
  <testcase name="LogIn" time="90.174" classname="user.LoginTest">
    <failure type="org.openqa.selenium.TimeoutException" message="timeout: timed out receiving message from renderer
  (Session info: chrome=29.0.1547.76)
  (Driver info: chromedriver=2.3,platform=Linux 3.5.0-41-generic x86_64) (WARNING: The server did not provide any stacktrace information)
Command duration or timeout: 90.16 seconds
Build info: version: &amp;apos;2.35.0&amp;apos;, revision: &amp;apos;c916b9d&amp;apos;, time: &amp;apos;2013-08-12 15:42:01&amp;apos;
System info: os.name: &amp;apos;Linux&amp;apos;, os.arch: &amp;apos;amd64&amp;apos;, os.version: &amp;apos;3.5.0-41-generic&amp;apos;, java.version: &amp;apos;1.7.0_40&amp;apos;
Session ID: 39a35154ba45b44e931a406cadc6af36
Driver info: org.openqa.selenium.chrome.ChromeDriver
Capabilities [{platform=LINUX, acceptSslCerts=true, javascriptEnabled=true, browserName=chrome, chrome={chromedriverVersion=2.3}, rotatable=false, locationContextEnabled=true, version=29.0.1547.76, cssSelectorsEnabled=true, databaseEnabled=true, handlesAlerts=true, browserConnectionEnabled=false, webStorageEnabled=true, nativeEvents=true, applicationCacheEnabled=false, takesScreenshot=true}]">
      <![CDATA[org.openqa.selenium.TimeoutException: timeout: timed out receiving message from renderer
  (Session info: chrome=29.0.1547.76)
  (Driver info: chromedriver=2.3,platform=Linux 3.5.0-41-generic x86_64) (WARNING: The server did not provide any stacktrace information)
Command duration or timeout: 90.16 seconds
Build info: version: '2.35.0', revision: 'c916b9d', time: '2013-08-12 15:42:01'
System info: os.name: 'Linux', os.arch: 'amd64', os.version: '3.5.0-41-generic', java.version: '1.7.0_40'
Session ID: 39a35154ba45b44e931a406cadc6af36
Driver info: org.openqa.selenium.chrome.ChromeDriver
Capabilities [{platform=LINUX, acceptSslCerts=true, javascriptEnabled=true, browserName=chrome, chrome={chromedriverVersion=2.3}, rotatable=false, locationContextEnabled=true, version=29.0.1547.76, cssSelectorsEnabled=true, databaseEnabled=true, handlesAlerts=true, browserConnectionEnabled=false, webStorageEnabled=true, nativeEvents=true, applicationCacheEnabled=false, takesScreenshot=true}]
	at org.openqa.selenium.remote.ErrorHandler.createThrowable(ErrorHandler.java:191)
	at org.openqa.selenium.remote.ErrorHandler.throwIfResponseFailed(ErrorHandler.java:145)
	at org.openqa.selenium.remote.RemoteWebDriver.execute(RemoteWebDriver.java:554)
	at org.openqa.selenium.remote.RemoteWebDriver.get(RemoteWebDriver.java:276)
	at user.LoginTest.LogIn(LoginTest.java:19)
... Removed 28 stack frames]]>
    </failure>
  </testcase> <!-- LogIn -->
  <testcase name="CheckSocialLinks" time="34.04" classname="content.Music"/>
  <testcase name="CheckTracks" time="2.288" classname="content.Music"/>
  <testcase name="CheckGenres" time="3.127" classname="content.Music"/>
  <testcase name="CheckArtists" time="4.675" classname="content.Music"/>
  <testcase name="checkTitles" time="2.001" classname="content.Music"/>
  <testcase name="CheckBlocks" time="1.659" classname="content.Music"/>
  <testcase name="Search" time="4.385" classname="content.Music"/>
  <testcase name="CheckSocialLinks" time="1.852" classname="content.NewMusic"/>
  <testcase name="CheckTracks" time="3.287" classname="content.NewMusic"/>
  <testcase name="CheckArtists" time="1.823" classname="content.NewMusic"/>
  <testcase name="CheckTitle" time="2.003" classname="content.NewMusic"/>
  <testcase name="CheckBlocks" time="1.429" classname="content.NewMusic"/>
  <testcase name="Search" time="3.568" classname="content.NewMusic"/>
  <testcase name="CheckAlbums" time="3.483" classname="content.NewMusic"/>
  <testcase name="CheckSocialLinks" time="2.118" classname="content.KazahMusic"/>
  <testcase name="CheckTracks" time="1.956" classname="content.KazahMusic"/>
  <testcase name="CheckGenres" time="5.039" classname="content.KazahMusic"/>
  <testcase name="CheckArtists" time="4.73" classname="content.KazahMusic"/>
  <testcase name="CheckTitle" time="1.476" classname="content.KazahMusic"/>
  <testcase name="CheckBlocks" time="1.53" classname="content.KazahMusic"/>
  <testcase name="Search" time="4.742" classname="content.KazahMusic"/>
  <testcase name="CheckHeader" time="0.002" classname="content.Music">
    <skipped/>
  </testcase> <!-- CheckHeader -->
  <testcase name="CheckHeader" time="0.0" classname="content.NewMusic">
    <skipped/>
  </testcase> <!-- CheckHeader -->
  <testcase name="CheckHeader" time="0.001" classname="content.KazahMusic">
    <skipped/>
  </testcase> <!-- CheckHeader -->
  <testcase name="CheckHeader" time="0.0" classname="content.Upload">
    <skipped/>
  </testcase> <!-- CheckHeader -->
  <testcase name="CheckBtn" time="0.0" classname="content.Upload">
    <skipped/>
  </testcase> <!-- CheckBtn -->
  <testcase name="CheckHeader" time="0.001" classname="content.Playlist">
    <skipped/>
  </testcase> <!-- CheckHeader -->
  <testcase name="CheckSocialLinks" time="0.0" classname="content.Playlist">
    <skipped/>
  </testcase> <!-- CheckSocialLinks -->
  <testcase name="PlayTrack" time="0.0" classname="content.Playlist">
    <skipped/>
  </testcase> <!-- PlayTrack -->
  <testcase name="AddAndDeleteTrack" time="0.0" classname="content.Playlist">
    <skipped/>
  </testcase> <!-- AddAndDeleteTrack -->
</testsuite> <!-- music.nur -->
