<?xml version="1.0" encoding="UTF-8"?>
<!-- Generated by org.testng.reporters.JUnitXMLReporter -->
<testsuite hostname="pc" name="Nur.kz" tests="29" failures="0" timestamp="14 Oct 2013 10:52:27 GMT" time="170.899" errors="0">
  <testcase name="LogIn" time="13.592" classname="user.LoginTest"/>
  <testcase name="CheckSocialLinks" time="1.92" classname="content.Music"/>
  <testcase name="CheckTracks" time="2.154" classname="content.Music"/>
  <testcase name="CheckGenres" time="3.16" classname="content.Music"/>
  <testcase name="CheckArtists" time="2.357" classname="content.Music"/>
  <testcase name="checkTitles" time="1.526" classname="content.Music"/>
  <testcase name="CheckBlocks" time="1.918" classname="content.Music"/>
  <testcase name="Search" time="12.2" classname="content.Music"/>
  <testcase name="CheckSocialLinks" time="1.823" classname="content.NewMusic"/>
  <testcase name="CheckTracks" time="2.244" classname="content.NewMusic"/>
  <testcase name="CheckArtists" time="1.699" classname="content.NewMusic"/>
  <testcase name="CheckTitle" time="1.212" classname="content.NewMusic"/>
  <testcase name="CheckBlocks" time="1.252" classname="content.NewMusic"/>
  <testcase name="Search" time="3.459" classname="content.NewMusic"/>
  <testcase name="CheckAlbums" time="1.426" classname="content.NewMusic"/>
  <testcase name="CheckSocialLinks" time="3.029" classname="content.KazahMusic"/>
  <testcase name="CheckTracks" time="1.806" classname="content.KazahMusic"/>
  <testcase name="CheckGenres" time="2.858" classname="content.KazahMusic"/>
  <testcase name="CheckArtists" time="2.018" classname="content.KazahMusic"/>
  <testcase name="CheckTitle" time="1.364" classname="content.KazahMusic"/>
  <testcase name="CheckBlocks" time="1.373" classname="content.KazahMusic"/>
  <testcase name="Search" time="4.737" classname="content.KazahMusic"/>
  <testcase name="CheckSocialLinks" time="1.453" classname="content.Playlist"/>
  <testcase name="CheckHeader" time="65.556" classname="content.Music"/>
  <testcase name="CheckHeader" time="7.173" classname="content.NewMusic"/>
  <testcase name="CheckHeader" time="3.079" classname="content.KazahMusic"/>
  <testcase name="CheckHeader" time="2.877" classname="content.Playlist"/>
  <testcase name="PlayTrack" time="6.813" classname="content.Playlist"/>
  <testcase name="AddAndDeleteTrack" time="13.801" classname="content.Playlist"/>
</testsuite> <!-- Nur.kz -->
