<?xml version="1.0" encoding="UTF-8"?>
<testng-results skipped="0" failed="1" total="27" passed="26">
  <reporter-output>
    <line>
      <![CDATA[<a href=fail-screenshots/2013-10-15/content.Playlist_PlayTrack_14-11-16.png><img src=fail-screenshots/2013-10-15/content.Playlist_PlayTrack_14-11-16.png height='200' width='200'/></a>]]>
    </line>
    <line>
      <![CDATA[<a href=fail-screenshots/2013-10-15/content.Playlist_PlayTrack_14-11-16.png><img src=fail-screenshots/2013-10-15/content.Playlist_PlayTrack_14-11-16.png height='200' width='200'/></a>]]>
    </line>
  </reporter-output>
  <suite name="Suite" duration-ms="131908" started-at="2013-10-15T11:09:32Z" finished-at="2013-10-15T11:11:44Z">
    <groups>
      <group name="Login">
        <method signature="LoginTest.LogIn()[pri:0, instance:user.LoginTest@76b8c4f5]" name="LogIn" class="user.LoginTest"/>
      </group> <!-- Login -->
      <group name="Header">
        <method signature="AzerMusic.CheckHeader()[pri:0, instance:content.AzerMusic@53967499]" name="CheckHeader" class="content.AzerMusic"/>
        <method signature="Music.CheckHeader()[pri:0, instance:content.Music@4a3abdd5]" name="CheckHeader" class="content.Music"/>
        <method signature="NewMusic.NewMusicHeader()[pri:0, instance:content.NewMusic@69676b1e]" name="NewMusicHeader" class="content.NewMusic"/>
      </group> <!-- Header -->
      <group name="Playlist">
        <method signature="Playlist.AddAndDelete()[pri:0, instance:content.Playlist@2191fa12]" name="AddAndDelete" class="content.Playlist"/>
        <method signature="Playlist.CheckHeader()[pri:0, instance:content.Playlist@2191fa12]" name="CheckHeader" class="content.Playlist"/>
        <method signature="Playlist.CleanPlaylist()[pri:0, instance:content.Playlist@2191fa12]" name="CleanPlaylist" class="content.Playlist"/>
        <method signature="Playlist.PlayTrack()[pri:0, instance:content.Playlist@2191fa12]" name="PlayTrack" class="content.Playlist"/>
        <method signature="Playlist.SocialLinks()[pri:0, instance:content.Playlist@2191fa12]" name="SocialLinks" class="content.Playlist"/>
      </group> <!-- Playlist -->
      <group name="Upload">
        <method signature="Upload.CheckBtn()[pri:0, instance:content.Upload@4a9b4a2]" name="CheckBtn" class="content.Upload"/>
        <method signature="Upload.NewMusicHeader()[pri:0, instance:content.Upload@4a9b4a2]" name="NewMusicHeader" class="content.Upload"/>
      </group> <!-- Upload -->
    </groups>
    <test name="music.day" duration-ms="131908" started-at="2013-10-15T11:09:32Z" finished-at="2013-10-15T11:11:44Z">
      <class name="content.AzerMusic">
        <test-method status="PASS" signature="getWebDriver()[pri:0, instance:content.AzerMusic@53967499]" name="getWebDriver" is-config="true" duration-ms="82" started-at="2013-10-15T14:09:32Z" finished-at="2013-10-15T14:09:32Z">
          <reporter-output>
          </reporter-output>
        </test-method> <!-- getWebDriver -->
        <test-method status="PASS" signature="SocialLinks()[pri:0, instance:content.AzerMusic@53967499]" name="SocialLinks" duration-ms="2280" started-at="2013-10-15T14:10:10Z" description="Проверяет отображение соц сетей на &lt;&lt;Айзербайджанская&gt;&gt;" finished-at="2013-10-15T14:10:13Z">
          <reporter-output>
          </reporter-output>
        </test-method> <!-- SocialLinks -->
        <test-method status="PASS" signature="CheckGenres()[pri:0, instance:content.AzerMusic@53967499]" name="CheckGenres" duration-ms="3786" started-at="2013-10-15T14:10:13Z" description="Проверяет отображение жанров на &lt;&lt;Айзербайджанская&gt;&gt;" finished-at="2013-10-15T14:10:16Z">
          <reporter-output>
          </reporter-output>
        </test-method> <!-- CheckGenres -->
        <test-method status="PASS" signature="CheckArtists()[pri:0, instance:content.AzerMusic@53967499]" name="CheckArtists" duration-ms="2660" started-at="2013-10-15T14:10:16Z" description="Проверяет отображение артистов на &lt;&lt;Айзербайджанская&gt;&gt;" finished-at="2013-10-15T14:10:19Z">
          <reporter-output>
          </reporter-output>
        </test-method> <!-- CheckArtists -->
        <test-method status="PASS" signature="CheckTitles()[pri:0, instance:content.AzerMusic@53967499]" name="CheckTitles" duration-ms="1522" started-at="2013-10-15T14:10:19Z" description="Проверяет отображение и корректность названий блоков на &lt;&lt;Айзербайджанская&gt;&gt;" finished-at="2013-10-15T14:10:21Z">
          <reporter-output>
          </reporter-output>
        </test-method> <!-- CheckTitles -->
        <test-method status="PASS" signature="CheckBlocks()[pri:0, instance:content.AzerMusic@53967499]" name="CheckBlocks" duration-ms="1587" started-at="2013-10-15T14:10:21Z" description="Проверяет отображение блоков на &lt;&lt;Айзербайджанская&gt;&gt;" finished-at="2013-10-15T14:10:22Z">
          <reporter-output>
          </reporter-output>
        </test-method> <!-- CheckBlocks -->
        <test-method status="PASS" signature="CheckHeader()[pri:0, instance:content.AzerMusic@53967499]" name="CheckHeader" duration-ms="4601" depends-on-groups="Login" started-at="2013-10-15T14:10:39Z" description="Проверяет ссылки на шапке на &lt;&lt;Азербайджанская&gt;&gt;" finished-at="2013-10-15T14:10:44Z">
          <reporter-output>
          </reporter-output>
        </test-method> <!-- CheckHeader -->
        <test-method status="PASS" signature="thearDown()[pri:0, instance:content.AzerMusic@53967499]" name="thearDown" is-config="true" duration-ms="831" started-at="2013-10-15T14:11:43Z" finished-at="2013-10-15T14:11:44Z">
          <reporter-output>
          </reporter-output>
        </test-method> <!-- thearDown -->
      </class> <!-- content.AzerMusic -->
      <class name="content.Music">
        <test-method status="PASS" signature="SocialLinks()[pri:0, instance:content.Music@4a3abdd5]" name="SocialLinks" duration-ms="2153" started-at="2013-10-15T14:09:51Z" description="Проверяет отображение соц сетей на &lt;&lt;Айзербайджанская&gt;&gt;" finished-at="2013-10-15T14:09:53Z">
          <reporter-output>
          </reporter-output>
        </test-method> <!-- SocialLinks -->
        <test-method status="PASS" signature="CheckGenres()[pri:0, instance:content.Music@4a3abdd5]" name="CheckGenres" duration-ms="3616" started-at="2013-10-15T14:09:53Z" description="Проверяет отображение жанров на &lt;&lt;Музыка&gt;&gt;" finished-at="2013-10-15T14:09:57Z">
          <reporter-output>
          </reporter-output>
        </test-method> <!-- CheckGenres -->
        <test-method status="PASS" signature="CheckArtists()[pri:0, instance:content.Music@4a3abdd5]" name="CheckArtists" duration-ms="2544" started-at="2013-10-15T14:09:57Z" description="Проверяет отображение артистов на &lt;&lt;Музыка&gt;&gt;" finished-at="2013-10-15T14:09:59Z">
          <reporter-output>
          </reporter-output>
        </test-method> <!-- CheckArtists -->
        <test-method status="PASS" signature="CheckTitles()[pri:0, instance:content.Music@4a3abdd5]" name="CheckTitles" duration-ms="2034" started-at="2013-10-15T14:09:59Z" description="Проверяет отображение и корректоность названий блоков на &lt;&lt;Музыка&gt;&gt;" finished-at="2013-10-15T14:10:01Z">
          <reporter-output>
          </reporter-output>
        </test-method> <!-- CheckTitles -->
        <test-method status="PASS" signature="CheckBlocks()[pri:0, instance:content.Music@4a3abdd5]" name="CheckBlocks" duration-ms="1390" started-at="2013-10-15T14:10:01Z" description="Проверяет отображение блоков на &lt;&lt;Музыка&gt;&gt;" finished-at="2013-10-15T14:10:03Z">
          <reporter-output>
          </reporter-output>
        </test-method> <!-- CheckBlocks -->
        <test-method status="PASS" signature="PlayMusic()[pri:0, instance:content.Music@4a3abdd5]" name="PlayMusic" duration-ms="7473" started-at="2013-10-15T14:10:03Z" description="Проверяет играет ли музыка на странице скачки треков на &lt;&lt;Музыка&gt;&gt;" finished-at="2013-10-15T14:10:10Z">
          <reporter-output>
          </reporter-output>
        </test-method> <!-- PlayMusic -->
        <test-method status="PASS" signature="CheckHeader()[pri:0, instance:content.Music@4a3abdd5]" name="CheckHeader" duration-ms="4489" depends-on-groups="Login" started-at="2013-10-15T14:10:35Z" description="Проверяет ссылки на шапке на &lt;&lt;Музыка&gt;&gt;" finished-at="2013-10-15T14:10:39Z">
          <reporter-output>
          </reporter-output>
        </test-method> <!-- CheckHeader -->
      </class> <!-- content.Music -->
      <class name="content.NewMusic">
        <test-method status="PASS" signature="SocialLinks()[pri:0, instance:content.NewMusic@69676b1e]" name="SocialLinks" duration-ms="2363" started-at="2013-10-15T14:10:22Z" description="Проверяет отображение соц сетей на &lt;&lt;Айзербайджанская&gt;&gt;" finished-at="2013-10-15T14:10:25Z">
          <reporter-output>
          </reporter-output>
        </test-method> <!-- SocialLinks -->
        <test-method status="PASS" signature="CheckArtists()[pri:0, instance:content.NewMusic@69676b1e]" name="CheckArtists" duration-ms="1750" started-at="2013-10-15T14:10:25Z" description="Проверяет отображение артистов на &lt;&lt;Новинки&gt;&gt;" finished-at="2013-10-15T14:10:26Z">
          <reporter-output>
          </reporter-output>
        </test-method> <!-- CheckArtists -->
        <test-method status="PASS" signature="CheckTitle()[pri:0, instance:content.NewMusic@69676b1e]" name="CheckTitle" duration-ms="1668" started-at="2013-10-15T14:10:26Z" description="проверяет отображение и корректоность имен блоков на &lt;&lt;Новинки&gt;&gt;" finished-at="2013-10-15T14:10:28Z">
          <reporter-output>
          </reporter-output>
        </test-method> <!-- CheckTitle -->
        <test-method status="PASS" signature="CheckBlocks()[pri:0, instance:content.NewMusic@69676b1e]" name="CheckBlocks" duration-ms="2285" started-at="2013-10-15T14:10:28Z" description="Проверяет отображение блоков на &lt;&lt;Новинки&gt;&gt;" finished-at="2013-10-15T14:10:30Z">
          <reporter-output>
          </reporter-output>
        </test-method> <!-- CheckBlocks -->
        <test-method status="PASS" signature="CheckAlbums()[pri:0, instance:content.NewMusic@69676b1e]" name="CheckAlbums" duration-ms="4312" started-at="2013-10-15T14:10:30Z" description="Проверяет отображение альбомов на &lt;&lt;Новинки&gt;&gt;" finished-at="2013-10-15T14:10:35Z">
          <reporter-output>
          </reporter-output>
        </test-method> <!-- CheckAlbums -->
        <test-method status="PASS" signature="NewMusicHeader()[pri:0, instance:content.NewMusic@69676b1e]" name="NewMusicHeader" duration-ms="4068" depends-on-groups="Login" started-at="2013-10-15T14:10:44Z" description="Проверяет ссылки на шапке на &lt;&lt;Новинки&gt;&gt;" finished-at="2013-10-15T14:10:48Z">
          <reporter-output>
          </reporter-output>
        </test-method> <!-- NewMusicHeader -->
      </class> <!-- content.NewMusic -->
      <class name="content.Upload">
        <test-method status="PASS" signature="NewMusicHeader()[pri:0, instance:content.Upload@4a9b4a2]" name="NewMusicHeader" duration-ms="4306" depends-on-groups="Login" started-at="2013-10-15T14:11:38Z" description="Проверяет ссылки на шапке на &lt;&lt;Загрузить&gt;&gt;" finished-at="2013-10-15T14:11:42Z">
          <reporter-output>
          </reporter-output>
        </test-method> <!-- NewMusicHeader -->
        <test-method status="PASS" signature="CheckBtn()[pri:0, instance:content.Upload@4a9b4a2]" name="CheckBtn" duration-ms="902" depends-on-groups="Login" started-at="2013-10-15T14:11:42Z" description="Проверяет есть ли кнопка *загрузить* на &lt;&lt;Загрузить&gt;&gt;" finished-at="2013-10-15T14:11:43Z">
          <reporter-output>
          </reporter-output>
        </test-method> <!-- CheckBtn -->
      </class> <!-- content.Upload -->
      <class name="user.LoginTest">
        <test-method status="PASS" signature="LogIn()[pri:0, instance:user.LoginTest@76b8c4f5]" name="LogIn" duration-ms="18743" started-at="2013-10-15T14:09:32Z" description="Тестируем логин" finished-at="2013-10-15T14:09:51Z">
          <reporter-output>
          </reporter-output>
        </test-method> <!-- LogIn -->
      </class> <!-- user.LoginTest -->
      <class name="content.Playlist">
        <test-method status="PASS" signature="CheckHeader()[pri:0, instance:content.Playlist@2191fa12]" name="CheckHeader" duration-ms="3811" depends-on-groups="Login" started-at="2013-10-15T14:10:48Z" description="Проверяет ссылки на шапке &lt;&lt;Мой плейлист&gt;&gt;" finished-at="2013-10-15T14:10:52Z">
          <reporter-output>
          </reporter-output>
        </test-method> <!-- CheckHeader -->
        <test-method status="PASS" signature="SocialLinks()[pri:0, instance:content.Playlist@2191fa12]" name="SocialLinks" duration-ms="2094" depends-on-groups="Login" started-at="2013-10-15T14:10:52Z" description="Проверяет отображение соц сетей на &lt;&lt;Мой плейлист&gt;&gt;" finished-at="2013-10-15T14:10:54Z">
          <reporter-output>
          </reporter-output>
        </test-method> <!-- SocialLinks -->
        <test-method status="FAIL" signature="PlayTrack()[pri:0, instance:content.Playlist@2191fa12]" name="PlayTrack" duration-ms="21262" depends-on-groups="Login" started-at="2013-10-15T14:10:54Z" description="Проверяет играет ли трек на &lt;&lt;Мой плейлист&gt;&gt;" finished-at="2013-10-15T14:11:15Z">
          <exception class="org.openqa.selenium.NoSuchElementException">
            <message>
              <![CDATA[no such element
  (Session info: chrome=29.0.1547.76)
  (Driver info: chromedriver=2.3,platform=Linux 3.5.0-41-generic x86_64) (WARNING: The server did not provide any stacktrace information)
Command duration or timeout: 10.04 seconds
For documentation on this error, please visit: http://seleniumhq.org/exceptions/no_such_element.html
Build info: version: '2.35.0', revision: 'c916b9d', time: '2013-08-12 15:42:01'
System info: os.name: 'Linux', os.arch: 'amd64', os.version: '3.5.0-41-generic', java.version: '1.7.0_40'
Session ID: 26e6c1f7e83c5135a5eb18bc9830cd96
Driver info: org.openqa.selenium.chrome.ChromeDriver
Capabilities [{platform=LINUX, acceptSslCerts=true, javascriptEnabled=true, browserName=chrome, chrome={chromedriverVersion=2.3}, rotatable=false, locationContextEnabled=true, version=29.0.1547.76, cssSelectorsEnabled=true, databaseEnabled=true, handlesAlerts=true, browserConnectionEnabled=false, webStorageEnabled=true, nativeEvents=true, applicationCacheEnabled=false, takesScreenshot=true}]]]>
            </message>
            <full-stacktrace>
              <![CDATA[org.openqa.selenium.NoSuchElementException: no such element
  (Session info: chrome=29.0.1547.76)
  (Driver info: chromedriver=2.3,platform=Linux 3.5.0-41-generic x86_64) (WARNING: The server did not provide any stacktrace information)
Command duration or timeout: 10.04 seconds
For documentation on this error, please visit: http://seleniumhq.org/exceptions/no_such_element.html
Build info: version: '2.35.0', revision: 'c916b9d', time: '2013-08-12 15:42:01'
System info: os.name: 'Linux', os.arch: 'amd64', os.version: '3.5.0-41-generic', java.version: '1.7.0_40'
Session ID: 26e6c1f7e83c5135a5eb18bc9830cd96
Driver info: org.openqa.selenium.chrome.ChromeDriver
Capabilities [{platform=LINUX, acceptSslCerts=true, javascriptEnabled=true, browserName=chrome, chrome={chromedriverVersion=2.3}, rotatable=false, locationContextEnabled=true, version=29.0.1547.76, cssSelectorsEnabled=true, databaseEnabled=true, handlesAlerts=true, browserConnectionEnabled=false, webStorageEnabled=true, nativeEvents=true, applicationCacheEnabled=false, takesScreenshot=true}]
	at sun.reflect.NativeConstructorAccessorImpl.newInstance0(Native Method)
	at sun.reflect.NativeConstructorAccessorImpl.newInstance(NativeConstructorAccessorImpl.java:57)
	at sun.reflect.DelegatingConstructorAccessorImpl.newInstance(DelegatingConstructorAccessorImpl.java:45)
	at java.lang.reflect.Constructor.newInstance(Constructor.java:526)
	at org.openqa.selenium.remote.ErrorHandler.createThrowable(ErrorHandler.java:191)
	at org.openqa.selenium.remote.ErrorHandler.throwIfResponseFailed(ErrorHandler.java:145)
	at org.openqa.selenium.remote.RemoteWebDriver.execute(RemoteWebDriver.java:554)
	at org.openqa.selenium.remote.RemoteWebDriver.findElement(RemoteWebDriver.java:307)
	at org.openqa.selenium.remote.RemoteWebDriver.findElementByXPath(RemoteWebDriver.java:404)
	at org.openqa.selenium.By$ByXPath.findElement(By.java:344)
	at org.openqa.selenium.remote.RemoteWebDriver.findElement(RemoteWebDriver.java:299)
	at content.Playlist.PlayTrack(Playlist.java:66)
	at sun.reflect.NativeMethodAccessorImpl.invoke0(Native Method)
	at sun.reflect.NativeMethodAccessorImpl.invoke(NativeMethodAccessorImpl.java:57)
	at sun.reflect.DelegatingMethodAccessorImpl.invoke(DelegatingMethodAccessorImpl.java:43)
	at java.lang.reflect.Method.invoke(Method.java:606)
	at org.testng.internal.MethodInvocationHelper.invokeMethod(MethodInvocationHelper.java:84)
	at org.testng.internal.Invoker.invokeMethod(Invoker.java:714)
	at org.testng.internal.Invoker.invokeTestMethod(Invoker.java:901)
	at org.testng.internal.Invoker.invokeTestMethods(Invoker.java:1231)
	at org.testng.internal.TestMethodWorker.invokeTestMethods(TestMethodWorker.java:127)
	at org.testng.internal.TestMethodWorker.run(TestMethodWorker.java:111)
	at org.testng.TestRunner.privateRun(TestRunner.java:767)
	at org.testng.TestRunner.run(TestRunner.java:617)
	at org.testng.SuiteRunner.runTest(SuiteRunner.java:334)
	at org.testng.SuiteRunner.runSequentially(SuiteRunner.java:329)
	at org.testng.SuiteRunner.privateRun(SuiteRunner.java:291)
	at org.testng.SuiteRunner.run(SuiteRunner.java:240)
	at org.testng.SuiteRunnerWorker.runSuite(SuiteRunnerWorker.java:52)
	at org.testng.SuiteRunnerWorker.run(SuiteRunnerWorker.java:86)
	at org.testng.TestNG.runSuitesSequentially(TestNG.java:1224)
	at org.testng.TestNG.runSuitesLocally(TestNG.java:1149)
	at org.testng.TestNG.run(TestNG.java:1057)
	at org.testng.remote.RemoteTestNG.run(RemoteTestNG.java:111)
	at org.testng.remote.RemoteTestNG.initAndRun(RemoteTestNG.java:204)
	at org.testng.remote.RemoteTestNG.main(RemoteTestNG.java:175)
]]>
            </full-stacktrace>
          </exception> <!-- org.openqa.selenium.NoSuchElementException -->
          <reporter-output>
            <line>
              <![CDATA[<a href=fail-screenshots/2013-10-15/content.Playlist_PlayTrack_14-11-16.png><img src=fail-screenshots/2013-10-15/content.Playlist_PlayTrack_14-11-16.png height='200' width='200'/></a>]]>
            </line>
            <line>
              <![CDATA[<a href=fail-screenshots/2013-10-15/content.Playlist_PlayTrack_14-11-16.png><img src=fail-screenshots/2013-10-15/content.Playlist_PlayTrack_14-11-16.png height='200' width='200'/></a>]]>
            </line>
          </reporter-output>
        </test-method> <!-- PlayTrack -->
        <test-method status="PASS" signature="CleanPlaylist()[pri:0, instance:content.Playlist@2191fa12]" name="CleanPlaylist" duration-ms="11791" depends-on-groups="Login" started-at="2013-10-15T14:11:16Z" description="Очищает плейлист от треков" finished-at="2013-10-15T14:11:28Z">
          <reporter-output>
          </reporter-output>
        </test-method> <!-- CleanPlaylist -->
        <test-method status="PASS" signature="AddAndDelete()[pri:0, instance:content.Playlist@2191fa12]" name="AddAndDelete" duration-ms="9991" depends-on-groups="Login" started-at="2013-10-15T14:11:28Z" description="Добавляет и удаляет треки в плейлисте" finished-at="2013-10-15T14:11:38Z">
          <reporter-output>
          </reporter-output>
        </test-method> <!-- AddAndDelete -->
      </class> <!-- content.Playlist -->
    </test> <!-- music.day -->
  </suite> <!-- Suite -->
</testng-results>
