<?xml version="1.0" encoding="UTF-8"?>
<testsuite name="TestSuite" time="115.82" tests="31" errors="0" skipped="0" failures="2">
  <properties>
[...]
</properties>
  <testcase name="LogIn" classname="user.LoginTest" time="12.399"/>
  <testcase name="CheckSocialLinks" classname="content.Music" time="2.463"/>
  <testcase name="CheckTracks" classname="content.Music" time="2.529"/>
  <testcase name="CheckGenres" classname="content.Music" time="3.219"/>
  <testcase name="CheckArtists" classname="content.Music" time="4.615"/>
  <testcase name="checkTitles" classname="content.Music" time="1.219"/>
  <testcase name="CheckBlocks" classname="content.Music" time="1.162"/>
  <testcase name="Search" classname="content.Music" time="4.207"/>
  <testcase name="CheckSocialLinks" classname="content.NewMusic" time="1.902"/>
  <testcase name="CheckTracks" classname="content.NewMusic" time="2.366"/>
  <testcase name="CheckArtists" classname="content.NewMusic" time="1.302"/>
  <testcase name="CheckTitle" classname="content.NewMusic" time="1.608"/>
  <testcase name="CheckBlocks" classname="content.NewMusic" time="1.148"/>
  <testcase name="Search" classname="content.NewMusic" time="3.257"/>
  <testcase name="CheckAlbums" classname="content.NewMusic" time="1.411"/>
  <testcase name="CheckSocialLinks" classname="content.KazahMusic" time="12.062"/>
  <testcase name="CheckTracks" classname="content.KazahMusic" time="2.04"/>
  <testcase name="CheckGenres" classname="content.KazahMusic" time="2.622"/>
  <testcase name="CheckArtists" classname="content.KazahMusic" time="2.116"/>
  <testcase name="CheckTitle" classname="content.KazahMusic" time="2.574"/>
  <testcase name="CheckBlocks" classname="content.KazahMusic" time="2.597"/>
  <testcase name="Search" classname="content.KazahMusic" time="3.727"/>
  <testcase name="CheckHeader" classname="content.Music" time="3.59"/>
  <testcase name="CheckHeader" classname="content.NewMusic" time="3.496"/>
  <testcase name="CheckHeader" classname="content.KazahMusic" time="3.406"/>
  <testcase name="CheckHeader" classname="content.Upload" time="3.986">
    <failure type="java.lang.AssertionError:">java.lang.AssertionError: null
	at content.Upload.CheckHeader(Upload.java:52)
</failure>
    <system-out>--------------------------------------
Проверяет ссылки на шапке на &lt;&lt;Загрузить&gt;&gt;
STARTED: Class = Upload Method = CheckHeader
[content.Upload.CheckHeader] Is FAILED by assertion error on page http://music.nur.kz/new
FAILED: content.Upload Test:CheckHeader
</system-out>
  </testcase>
  <testcase name="CheckBtn" classname="content.Upload" time="0.936"/>
  <testcase name="CheckHeader" classname="content.Playlist" time="3.529"/>
  <testcase name="CheckSocialLinks" classname="content.Playlist" time="1.488"/>
  <testcase name="PlayTrack" classname="content.Playlist" time="5.946"/>
  <testcase name="AddAndDeleteTrack" classname="content.Playlist" time="16.898">
    <failure message="no such element&#10;  (Session info: chrome=29.0.1547.76)&#10;  (Driver info: chromedriver=2.3,platform=Linux 3.5.0-41-generic x86_64) (WARNING: The server did not provide any stacktrace information)&#10;Command duration or timeout: 10.02 seconds&#10;For documentation on this error, please visit: http://seleniumhq.org/exceptions/no_such_element.html&#10;Build info: version: &apos;2.35.0&apos;, revision: &apos;8df0c6bedf70ff9f22c647788f9fe9c8d22210e2&apos;, time: &apos;2013-08-17 12:46:41&apos;&#10;System info: os.name: &apos;Linux&apos;, os.arch: &apos;amd64&apos;, os.version: &apos;3.5.0-41-generic&apos;, java.version: &apos;1.7.0_40&apos;&#10;Session ID: 85931ec8bfe0b76d6d10462d35b1e8e6&#10;Driver info: org.openqa.selenium.chrome.ChromeDriver&#10;Capabilities [{platform=LINUX, acceptSslCerts=true, javascriptEnabled=true, browserName=chrome, chrome={chromedriverVersion=2.3}, rotatable=false, locationContextEnabled=true, version=29.0.1547.76, cssSelectorsEnabled=true, databaseEnabled=true, handlesAlerts=true, browserConnectionEnabled=false, webStorageEnabled=true, nativeEvents=true, applicationCacheEnabled=false, takesScreenshot=true}]" type="org.openqa.selenium.NoSuchElementException">org.openqa.selenium.NoSuchElementException: no such element
  (Session info: chrome=29.0.1547.76)
  (Driver info: chromedriver=2.3,platform=Linux 3.5.0-41-generic x86_64) (WARNING: The server did not provide any stacktrace information)
Command duration or timeout: 10.02 seconds
For documentation on this error, please visit: http://seleniumhq.org/exceptions/no_such_element.html
Build info: version: '2.35.0', revision: '8df0c6bedf70ff9f22c647788f9fe9c8d22210e2', time: '2013-08-17 12:46:41'
System info: os.name: 'Linux', os.arch: 'amd64', os.version: '3.5.0-41-generic', java.version: '1.7.0_40'
Session ID: 85931ec8bfe0b76d6d10462d35b1e8e6
Driver info: org.openqa.selenium.chrome.ChromeDriver
Capabilities [{platform=LINUX, acceptSslCerts=true, javascriptEnabled=true, browserName=chrome, chrome={chromedriverVersion=2.3}, rotatable=false, locationContextEnabled=true, version=29.0.1547.76, cssSelectorsEnabled=true, databaseEnabled=true, handlesAlerts=true, browserConnectionEnabled=false, webStorageEnabled=true, nativeEvents=true, applicationCacheEnabled=false, takesScreenshot=true}]
	at sun.reflect.NativeConstructorAccessorImpl.newInstance0(Native Method)
	at sun.reflect.NativeConstructorAccessorImpl.newInstance(NativeConstructorAccessorImpl.java:57)
	at sun.reflect.DelegatingConstructorAccessorImpl.newInstance(DelegatingConstructorAccessorImpl.java:45)
	at java.lang.reflect.Constructor.newInstance(Constructor.java:526)
	at org.openqa.selenium.remote.ErrorHandler.createThrowable(ErrorHandler.java:191)
	at org.openqa.selenium.remote.ErrorHandler.throwIfResponseFailed(ErrorHandler.java:145)
	at org.openqa.selenium.remote.RemoteWebDriver.execute(RemoteWebDriver.java:554)
	at org.openqa.selenium.remote.RemoteWebDriver.findElement(RemoteWebDriver.java:307)
	at org.openqa.selenium.remote.RemoteWebDriver.findElementByXPath(RemoteWebDriver.java:404)
	at org.openqa.selenium.By$ByXPath.findElement(By.java:344)
	at org.openqa.selenium.remote.RemoteWebDriver.findElement(RemoteWebDriver.java:299)
	at org.openqa.selenium.support.pagefactory.DefaultElementLocator.findElement(DefaultElementLocator.java:59)
	at org.openqa.selenium.support.pagefactory.internal.LocatingElementHandler.invoke(LocatingElementHandler.java:34)
	at com.sun.proxy.$Proxy6.getAttribute(Unknown Source)
	at content.Playlist.AddAndDelTrack(Playlist.java:104)
	at content.Playlist.AddAndDeleteTrack(Playlist.java:94)
</failure>
    <system-out>--------------------------------------
Проверяет добавление и удаление треков на &lt;&lt;Мой плейлист&gt;&gt;
STARTED: Class = Playlist Method = AddAndDeleteTrack
FAILED: content.Playlist Test:AddAndDeleteTrack
</system-out>
  </testcase>
</testsuite>